<?xml version="1.0" encoding="UTF-8"?>
<!-- Generated by org.testng.reporters.JUnitReportReporter -->
<testsuite hostname="Zixiang" failures="0" tests="14" name="runner.RegressionRunner" time="6.851" errors="13" timestamp="2022-04-07T10:16:11 SGT" skipped="0">
  <testcase classname="runner.RegressionRunner" name="runScenario" time="0.017">
    <error message="Session ID is null. Using WebDriver after calling quit()?
Build info: version: &#039;4.0.0-alpha-7&#039;, revision: &#039;de8579b6d5&#039;
System info: host: &#039;Zixiang&#039;, ip: &#039;127.0.1.1&#039;, os.name: &#039;Linux&#039;, os.arch: &#039;amd64&#039;, os.version: &#039;5.16.0-kali3-amd64&#039;, java.version: &#039;11.0.14&#039;
Driver info: driver.version: RemoteWebDriver" type="org.openqa.selenium.NoSuchSessionException">
      <![CDATA[org.openqa.selenium.NoSuchSessionException: Session ID is null. Using WebDriver after calling quit()?
Build info: version: '4.0.0-alpha-7', revision: 'de8579b6d5'
System info: host: 'Zixiang', ip: '127.0.1.1', os.name: 'Linux', os.arch: 'amd64', os.version: '5.16.0-kali3-amd64', java.version: '11.0.14'
Driver info: driver.version: RemoteWebDriver
at org.openqa.selenium.remote.HttpCommandExecutor.execute(HttpCommandExecutor.java:128)
at org.openqa.selenium.remote.service.DriverCommandExecutor.execute(DriverCommandExecutor.java:123)
at org.openqa.selenium.remote.RemoteWebDriver.execute(RemoteWebDriver.java:501)
at org.openqa.selenium.remote.RemoteWebDriver.execute(RemoteWebDriver.java:558)
at org.openqa.selenium.remote.RemoteWebDriver.execute(RemoteWebDriver.java:562)
at org.openqa.selenium.remote.RemoteWebDriver$RemoteWebDriverOptions$RemoteWindow.maximize(RemoteWebDriver.java:843)
at steps.Hooks.beforeScenario(Hooks.java:16)
]]>
    </error>
  </testcase> <!-- runScenario -->
  <system-out/>
  <testcase classname="runner.RegressionRunner" name="runScenario" time="0.013">
    <error message="Session ID is null. Using WebDriver after calling quit()?
Build info: version: &#039;4.0.0-alpha-7&#039;, revision: &#039;de8579b6d5&#039;
System info: host: &#039;Zixiang&#039;, ip: &#039;127.0.1.1&#039;, os.name: &#039;Linux&#039;, os.arch: &#039;amd64&#039;, os.version: &#039;5.16.0-kali3-amd64&#039;, java.version: &#039;11.0.14&#039;
Driver info: driver.version: RemoteWebDriver" type="org.openqa.selenium.NoSuchSessionException">
      <![CDATA[org.openqa.selenium.NoSuchSessionException: Session ID is null. Using WebDriver after calling quit()?
Build info: version: '4.0.0-alpha-7', revision: 'de8579b6d5'
System info: host: 'Zixiang', ip: '127.0.1.1', os.name: 'Linux', os.arch: 'amd64', os.version: '5.16.0-kali3-amd64', java.version: '11.0.14'
Driver info: driver.version: RemoteWebDriver
at org.openqa.selenium.remote.HttpCommandExecutor.execute(HttpCommandExecutor.java:128)
at org.openqa.selenium.remote.service.DriverCommandExecutor.execute(DriverCommandExecutor.java:123)
at org.openqa.selenium.remote.RemoteWebDriver.execute(RemoteWebDriver.java:501)
at org.openqa.selenium.remote.RemoteWebDriver.execute(RemoteWebDriver.java:558)
at org.openqa.selenium.remote.RemoteWebDriver.execute(RemoteWebDriver.java:562)
at org.openqa.selenium.remote.RemoteWebDriver$RemoteWebDriverOptions$RemoteWindow.maximize(RemoteWebDriver.java:843)
at steps.Hooks.beforeScenario(Hooks.java:16)
]]>
    </error>
  </testcase> <!-- runScenario -->
  <system-out/>
  <testcase classname="runner.RegressionRunner" name="runScenario" time="6.672"/>
  <system-out/>
  <testcase classname="runner.RegressionRunner" name="runScenario" time="0.010">
    <error message="Session ID is null. Using WebDriver after calling quit()?
Build info: version: &#039;4.0.0-alpha-7&#039;, revision: &#039;de8579b6d5&#039;
System info: host: &#039;Zixiang&#039;, ip: &#039;127.0.1.1&#039;, os.name: &#039;Linux&#039;, os.arch: &#039;amd64&#039;, os.version: &#039;5.16.0-kali3-amd64&#039;, java.version: &#039;11.0.14&#039;
Driver info: driver.version: RemoteWebDriver" type="org.openqa.selenium.NoSuchSessionException">
      <![CDATA[org.openqa.selenium.NoSuchSessionException: Session ID is null. Using WebDriver after calling quit()?
Build info: version: '4.0.0-alpha-7', revision: 'de8579b6d5'
System info: host: 'Zixiang', ip: '127.0.1.1', os.name: 'Linux', os.arch: 'amd64', os.version: '5.16.0-kali3-amd64', java.version: '11.0.14'
Driver info: driver.version: RemoteWebDriver
at org.openqa.selenium.remote.HttpCommandExecutor.execute(HttpCommandExecutor.java:128)
at org.openqa.selenium.remote.service.DriverCommandExecutor.execute(DriverCommandExecutor.java:123)
at org.openqa.selenium.remote.RemoteWebDriver.execute(RemoteWebDriver.java:501)
at org.openqa.selenium.remote.RemoteWebDriver.execute(RemoteWebDriver.java:558)
at org.openqa.selenium.remote.RemoteWebDriver.execute(RemoteWebDriver.java:562)
at org.openqa.selenium.remote.RemoteWebDriver$RemoteWebDriverOptions$RemoteWindow.maximize(RemoteWebDriver.java:843)
at steps.Hooks.beforeScenario(Hooks.java:16)
]]>
    </error>
  </testcase> <!-- runScenario -->
  <system-out/>
  <testcase classname="runner.RegressionRunner" name="runScenario" time="0.013">
    <error message="Session ID is null. Using WebDriver after calling quit()?
Build info: version: &#039;4.0.0-alpha-7&#039;, revision: &#039;de8579b6d5&#039;
System info: host: &#039;Zixiang&#039;, ip: &#039;127.0.1.1&#039;, os.name: &#039;Linux&#039;, os.arch: &#039;amd64&#039;, os.version: &#039;5.16.0-kali3-amd64&#039;, java.version: &#039;11.0.14&#039;
Driver info: driver.version: RemoteWebDriver" type="org.openqa.selenium.NoSuchSessionException">
      <![CDATA[org.openqa.selenium.NoSuchSessionException: Session ID is null. Using WebDriver after calling quit()?
Build info: version: '4.0.0-alpha-7', revision: 'de8579b6d5'
System info: host: 'Zixiang', ip: '127.0.1.1', os.name: 'Linux', os.arch: 'amd64', os.version: '5.16.0-kali3-amd64', java.version: '11.0.14'
Driver info: driver.version: RemoteWebDriver
at org.openqa.selenium.remote.HttpCommandExecutor.execute(HttpCommandExecutor.java:128)
at org.openqa.selenium.remote.service.DriverCommandExecutor.execute(DriverCommandExecutor.java:123)
at org.openqa.selenium.remote.RemoteWebDriver.execute(RemoteWebDriver.java:501)
at org.openqa.selenium.remote.RemoteWebDriver.execute(RemoteWebDriver.java:558)
at org.openqa.selenium.remote.RemoteWebDriver.execute(RemoteWebDriver.java:562)
at org.openqa.selenium.remote.RemoteWebDriver$RemoteWebDriverOptions$RemoteWindow.maximize(RemoteWebDriver.java:843)
at steps.Hooks.beforeScenario(Hooks.java:16)
]]>
    </error>
  </testcase> <!-- runScenario -->
  <system-out/>
  <testcase classname="runner.RegressionRunner" name="runScenario" time="0.010">
    <error message="Session ID is null. Using WebDriver after calling quit()?
Build info: version: &#039;4.0.0-alpha-7&#039;, revision: &#039;de8579b6d5&#039;
System info: host: &#039;Zixiang&#039;, ip: &#039;127.0.1.1&#039;, os.name: &#039;Linux&#039;, os.arch: &#039;amd64&#039;, os.version: &#039;5.16.0-kali3-amd64&#039;, java.version: &#039;11.0.14&#039;
Driver info: driver.version: RemoteWebDriver" type="org.openqa.selenium.NoSuchSessionException">
      <![CDATA[org.openqa.selenium.NoSuchSessionException: Session ID is null. Using WebDriver after calling quit()?
Build info: version: '4.0.0-alpha-7', revision: 'de8579b6d5'
System info: host: 'Zixiang', ip: '127.0.1.1', os.name: 'Linux', os.arch: 'amd64', os.version: '5.16.0-kali3-amd64', java.version: '11.0.14'
Driver info: driver.version: RemoteWebDriver
at org.openqa.selenium.remote.HttpCommandExecutor.execute(HttpCommandExecutor.java:128)
at org.openqa.selenium.remote.service.DriverCommandExecutor.execute(DriverCommandExecutor.java:123)
at org.openqa.selenium.remote.RemoteWebDriver.execute(RemoteWebDriver.java:501)
at org.openqa.selenium.remote.RemoteWebDriver.execute(RemoteWebDriver.java:558)
at org.openqa.selenium.remote.RemoteWebDriver.execute(RemoteWebDriver.java:562)
at org.openqa.selenium.remote.RemoteWebDriver$RemoteWebDriverOptions$RemoteWindow.maximize(RemoteWebDriver.java:843)
at steps.Hooks.beforeScenario(Hooks.java:16)
]]>
    </error>
  </testcase> <!-- runScenario -->
  <system-out/>
  <testcase classname="runner.RegressionRunner" name="runScenario" time="0.014">
    <error message="Session ID is null. Using WebDriver after calling quit()?
Build info: version: &#039;4.0.0-alpha-7&#039;, revision: &#039;de8579b6d5&#039;
System info: host: &#039;Zixiang&#039;, ip: &#039;127.0.1.1&#039;, os.name: &#039;Linux&#039;, os.arch: &#039;amd64&#039;, os.version: &#039;5.16.0-kali3-amd64&#039;, java.version: &#039;11.0.14&#039;
Driver info: driver.version: RemoteWebDriver" type="org.openqa.selenium.NoSuchSessionException">
      <![CDATA[org.openqa.selenium.NoSuchSessionException: Session ID is null. Using WebDriver after calling quit()?
Build info: version: '4.0.0-alpha-7', revision: 'de8579b6d5'
System info: host: 'Zixiang', ip: '127.0.1.1', os.name: 'Linux', os.arch: 'amd64', os.version: '5.16.0-kali3-amd64', java.version: '11.0.14'
Driver info: driver.version: RemoteWebDriver
at org.openqa.selenium.remote.HttpCommandExecutor.execute(HttpCommandExecutor.java:128)
at org.openqa.selenium.remote.service.DriverCommandExecutor.execute(DriverCommandExecutor.java:123)
at org.openqa.selenium.remote.RemoteWebDriver.execute(RemoteWebDriver.java:501)
at org.openqa.selenium.remote.RemoteWebDriver.execute(RemoteWebDriver.java:558)
at org.openqa.selenium.remote.RemoteWebDriver.execute(RemoteWebDriver.java:562)
at org.openqa.selenium.remote.RemoteWebDriver$RemoteWebDriverOptions$RemoteWindow.maximize(RemoteWebDriver.java:843)
at steps.Hooks.beforeScenario(Hooks.java:16)
]]>
    </error>
  </testcase> <!-- runScenario -->
  <system-out/>
  <testcase classname="runner.RegressionRunner" name="runScenario" time="0.025">
    <error message="Session ID is null. Using WebDriver after calling quit()?
Build info: version: &#039;4.0.0-alpha-7&#039;, revision: &#039;de8579b6d5&#039;
System info: host: &#039;Zixiang&#039;, ip: &#039;127.0.1.1&#039;, os.name: &#039;Linux&#039;, os.arch: &#039;amd64&#039;, os.version: &#039;5.16.0-kali3-amd64&#039;, java.version: &#039;11.0.14&#039;
Driver info: driver.version: RemoteWebDriver" type="org.openqa.selenium.NoSuchSessionException">
      <![CDATA[org.openqa.selenium.NoSuchSessionException: Session ID is null. Using WebDriver after calling quit()?
Build info: version: '4.0.0-alpha-7', revision: 'de8579b6d5'
System info: host: 'Zixiang', ip: '127.0.1.1', os.name: 'Linux', os.arch: 'amd64', os.version: '5.16.0-kali3-amd64', java.version: '11.0.14'
Driver info: driver.version: RemoteWebDriver
at org.openqa.selenium.remote.HttpCommandExecutor.execute(HttpCommandExecutor.java:128)
at org.openqa.selenium.remote.service.DriverCommandExecutor.execute(DriverCommandExecutor.java:123)
at org.openqa.selenium.remote.RemoteWebDriver.execute(RemoteWebDriver.java:501)
at org.openqa.selenium.remote.RemoteWebDriver.execute(RemoteWebDriver.java:558)
at org.openqa.selenium.remote.RemoteWebDriver.execute(RemoteWebDriver.java:562)
at org.openqa.selenium.remote.RemoteWebDriver$RemoteWebDriverOptions$RemoteWindow.maximize(RemoteWebDriver.java:843)
at steps.Hooks.beforeScenario(Hooks.java:16)
]]>
    </error>
  </testcase> <!-- runScenario -->
  <system-out/>
  <testcase classname="runner.RegressionRunner" name="runScenario" time="0.014">
    <error message="Session ID is null. Using WebDriver after calling quit()?
Build info: version: &#039;4.0.0-alpha-7&#039;, revision: &#039;de8579b6d5&#039;
System info: host: &#039;Zixiang&#039;, ip: &#039;127.0.1.1&#039;, os.name: &#039;Linux&#039;, os.arch: &#039;amd64&#039;, os.version: &#039;5.16.0-kali3-amd64&#039;, java.version: &#039;11.0.14&#039;
Driver info: driver.version: RemoteWebDriver" type="org.openqa.selenium.NoSuchSessionException">
      <![CDATA[org.openqa.selenium.NoSuchSessionException: Session ID is null. Using WebDriver after calling quit()?
Build info: version: '4.0.0-alpha-7', revision: 'de8579b6d5'
System info: host: 'Zixiang', ip: '127.0.1.1', os.name: 'Linux', os.arch: 'amd64', os.version: '5.16.0-kali3-amd64', java.version: '11.0.14'
Driver info: driver.version: RemoteWebDriver
at org.openqa.selenium.remote.HttpCommandExecutor.execute(HttpCommandExecutor.java:128)
at org.openqa.selenium.remote.service.DriverCommandExecutor.execute(DriverCommandExecutor.java:123)
at org.openqa.selenium.remote.RemoteWebDriver.execute(RemoteWebDriver.java:501)
at org.openqa.selenium.remote.RemoteWebDriver.execute(RemoteWebDriver.java:558)
at org.openqa.selenium.remote.RemoteWebDriver.execute(RemoteWebDriver.java:562)
at org.openqa.selenium.remote.RemoteWebDriver$RemoteWebDriverOptions$RemoteWindow.maximize(RemoteWebDriver.java:843)
at steps.Hooks.beforeScenario(Hooks.java:16)
]]>
    </error>
  </testcase> <!-- runScenario -->
  <system-out/>
  <testcase classname="runner.RegressionRunner" name="runScenario" time="0.010">
    <error message="Session ID is null. Using WebDriver after calling quit()?
Build info: version: &#039;4.0.0-alpha-7&#039;, revision: &#039;de8579b6d5&#039;
System info: host: &#039;Zixiang&#039;, ip: &#039;127.0.1.1&#039;, os.name: &#039;Linux&#039;, os.arch: &#039;amd64&#039;, os.version: &#039;5.16.0-kali3-amd64&#039;, java.version: &#039;11.0.14&#039;
Driver info: driver.version: RemoteWebDriver" type="org.openqa.selenium.NoSuchSessionException">
      <![CDATA[org.openqa.selenium.NoSuchSessionException: Session ID is null. Using WebDriver after calling quit()?
Build info: version: '4.0.0-alpha-7', revision: 'de8579b6d5'
System info: host: 'Zixiang', ip: '127.0.1.1', os.name: 'Linux', os.arch: 'amd64', os.version: '5.16.0-kali3-amd64', java.version: '11.0.14'
Driver info: driver.version: RemoteWebDriver
at org.openqa.selenium.remote.HttpCommandExecutor.execute(HttpCommandExecutor.java:128)
at org.openqa.selenium.remote.service.DriverCommandExecutor.execute(DriverCommandExecutor.java:123)
at org.openqa.selenium.remote.RemoteWebDriver.execute(RemoteWebDriver.java:501)
at org.openqa.selenium.remote.RemoteWebDriver.execute(RemoteWebDriver.java:558)
at org.openqa.selenium.remote.RemoteWebDriver.execute(RemoteWebDriver.java:562)
at org.openqa.selenium.remote.RemoteWebDriver$RemoteWebDriverOptions$RemoteWindow.maximize(RemoteWebDriver.java:843)
at steps.Hooks.beforeScenario(Hooks.java:16)
]]>
    </error>
  </testcase> <!-- runScenario -->
  <system-out/>
  <testcase classname="runner.RegressionRunner" name="runScenario" time="0.012">
    <error message="Session ID is null. Using WebDriver after calling quit()?
Build info: version: &#039;4.0.0-alpha-7&#039;, revision: &#039;de8579b6d5&#039;
System info: host: &#039;Zixiang&#039;, ip: &#039;127.0.1.1&#039;, os.name: &#039;Linux&#039;, os.arch: &#039;amd64&#039;, os.version: &#039;5.16.0-kali3-amd64&#039;, java.version: &#039;11.0.14&#039;
Driver info: driver.version: RemoteWebDriver" type="org.openqa.selenium.NoSuchSessionException">
      <![CDATA[org.openqa.selenium.NoSuchSessionException: Session ID is null. Using WebDriver after calling quit()?
Build info: version: '4.0.0-alpha-7', revision: 'de8579b6d5'
System info: host: 'Zixiang', ip: '127.0.1.1', os.name: 'Linux', os.arch: 'amd64', os.version: '5.16.0-kali3-amd64', java.version: '11.0.14'
Driver info: driver.version: RemoteWebDriver
at org.openqa.selenium.remote.HttpCommandExecutor.execute(HttpCommandExecutor.java:128)
at org.openqa.selenium.remote.service.DriverCommandExecutor.execute(DriverCommandExecutor.java:123)
at org.openqa.selenium.remote.RemoteWebDriver.execute(RemoteWebDriver.java:501)
at org.openqa.selenium.remote.RemoteWebDriver.execute(RemoteWebDriver.java:558)
at org.openqa.selenium.remote.RemoteWebDriver.execute(RemoteWebDriver.java:562)
at org.openqa.selenium.remote.RemoteWebDriver$RemoteWebDriverOptions$RemoteWindow.maximize(RemoteWebDriver.java:843)
at steps.Hooks.beforeScenario(Hooks.java:16)
]]>
    </error>
  </testcase> <!-- runScenario -->
  <system-out/>
  <testcase classname="runner.RegressionRunner" name="runScenario" time="0.019">
    <error message="Session ID is null. Using WebDriver after calling quit()?
Build info: version: &#039;4.0.0-alpha-7&#039;, revision: &#039;de8579b6d5&#039;
System info: host: &#039;Zixiang&#039;, ip: &#039;127.0.1.1&#039;, os.name: &#039;Linux&#039;, os.arch: &#039;amd64&#039;, os.version: &#039;5.16.0-kali3-amd64&#039;, java.version: &#039;11.0.14&#039;
Driver info: driver.version: RemoteWebDriver" type="org.openqa.selenium.NoSuchSessionException">
      <![CDATA[org.openqa.selenium.NoSuchSessionException: Session ID is null. Using WebDriver after calling quit()?
Build info: version: '4.0.0-alpha-7', revision: 'de8579b6d5'
System info: host: 'Zixiang', ip: '127.0.1.1', os.name: 'Linux', os.arch: 'amd64', os.version: '5.16.0-kali3-amd64', java.version: '11.0.14'
Driver info: driver.version: RemoteWebDriver
at org.openqa.selenium.remote.HttpCommandExecutor.execute(HttpCommandExecutor.java:128)
at org.openqa.selenium.remote.service.DriverCommandExecutor.execute(DriverCommandExecutor.java:123)
at org.openqa.selenium.remote.RemoteWebDriver.execute(RemoteWebDriver.java:501)
at org.openqa.selenium.remote.RemoteWebDriver.execute(RemoteWebDriver.java:558)
at org.openqa.selenium.remote.RemoteWebDriver.execute(RemoteWebDriver.java:562)
at org.openqa.selenium.remote.RemoteWebDriver$RemoteWebDriverOptions$RemoteWindow.maximize(RemoteWebDriver.java:843)
at steps.Hooks.beforeScenario(Hooks.java:16)
]]>
    </error>
  </testcase> <!-- runScenario -->
  <system-out/>
  <testcase classname="runner.RegressionRunner" name="runScenario" time="0.010">
    <error message="Session ID is null. Using WebDriver after calling quit()?
Build info: version: &#039;4.0.0-alpha-7&#039;, revision: &#039;de8579b6d5&#039;
System info: host: &#039;Zixiang&#039;, ip: &#039;127.0.1.1&#039;, os.name: &#039;Linux&#039;, os.arch: &#039;amd64&#039;, os.version: &#039;5.16.0-kali3-amd64&#039;, java.version: &#039;11.0.14&#039;
Driver info: driver.version: RemoteWebDriver" type="org.openqa.selenium.NoSuchSessionException">
      <![CDATA[org.openqa.selenium.NoSuchSessionException: Session ID is null. Using WebDriver after calling quit()?
Build info: version: '4.0.0-alpha-7', revision: 'de8579b6d5'
System info: host: 'Zixiang', ip: '127.0.1.1', os.name: 'Linux', os.arch: 'amd64', os.version: '5.16.0-kali3-amd64', java.version: '11.0.14'
Driver info: driver.version: RemoteWebDriver
at org.openqa.selenium.remote.HttpCommandExecutor.execute(HttpCommandExecutor.java:128)
at org.openqa.selenium.remote.service.DriverCommandExecutor.execute(DriverCommandExecutor.java:123)
at org.openqa.selenium.remote.RemoteWebDriver.execute(RemoteWebDriver.java:501)
at org.openqa.selenium.remote.RemoteWebDriver.execute(RemoteWebDriver.java:558)
at org.openqa.selenium.remote.RemoteWebDriver.execute(RemoteWebDriver.java:562)
at org.openqa.selenium.remote.RemoteWebDriver$RemoteWebDriverOptions$RemoteWindow.maximize(RemoteWebDriver.java:843)
at steps.Hooks.beforeScenario(Hooks.java:16)
]]>
    </error>
  </testcase> <!-- runScenario -->
  <system-out/>
  <testcase classname="runner.RegressionRunner" name="runScenario" time="0.012">
    <error message="Session ID is null. Using WebDriver after calling quit()?
Build info: version: &#039;4.0.0-alpha-7&#039;, revision: &#039;de8579b6d5&#039;
System info: host: &#039;Zixiang&#039;, ip: &#039;127.0.1.1&#039;, os.name: &#039;Linux&#039;, os.arch: &#039;amd64&#039;, os.version: &#039;5.16.0-kali3-amd64&#039;, java.version: &#039;11.0.14&#039;
Driver info: driver.version: RemoteWebDriver" type="org.openqa.selenium.NoSuchSessionException">
      <![CDATA[org.openqa.selenium.NoSuchSessionException: Session ID is null. Using WebDriver after calling quit()?
Build info: version: '4.0.0-alpha-7', revision: 'de8579b6d5'
System info: host: 'Zixiang', ip: '127.0.1.1', os.name: 'Linux', os.arch: 'amd64', os.version: '5.16.0-kali3-amd64', java.version: '11.0.14'
Driver info: driver.version: RemoteWebDriver
at org.openqa.selenium.remote.HttpCommandExecutor.execute(HttpCommandExecutor.java:128)
at org.openqa.selenium.remote.service.DriverCommandExecutor.execute(DriverCommandExecutor.java:123)
at org.openqa.selenium.remote.RemoteWebDriver.execute(RemoteWebDriver.java:501)
at org.openqa.selenium.remote.RemoteWebDriver.execute(RemoteWebDriver.java:558)
at org.openqa.selenium.remote.RemoteWebDriver.execute(RemoteWebDriver.java:562)
at org.openqa.selenium.remote.RemoteWebDriver$RemoteWebDriverOptions$RemoteWindow.maximize(RemoteWebDriver.java:843)
at steps.Hooks.beforeScenario(Hooks.java:16)
]]>
    </error>
  </testcase> <!-- runScenario -->
  <system-out/>
</testsuite> <!-- runner.RegressionRunner -->
